DEBUG   |161112 16:58:11|Fetching filter data from database
DEBUG   |161112 16:58:11|Loading filters
DEBUG   |161112 16:58:11|-- Loading filter Directories
DEBUG   |161112 16:58:11|-- Loading filter Extradirs
DEBUG   |161112 16:58:11|-- Loading filter Files
DEBUG   |161112 16:58:11|-- Loading filter Incremental
DEBUG   |161112 16:58:11|-- Loading filter Multidb
DEBUG   |161112 16:58:11|-- Loading filter Regexdirectories
DEBUG   |161112 16:58:11|-- Loading filter Regexfiles
DEBUG   |161112 16:58:11|-- Loading filter Regexskipdirs
DEBUG   |161112 16:58:11|-- Loading filter Regexskipfiles
DEBUG   |161112 16:58:11|-- Loading filter Regextabledata
DEBUG   |161112 16:58:11|-- Loading filter Regextables
DEBUG   |161112 16:58:11|-- Loading filter Skipdirs
DEBUG   |161112 16:58:11|-- Loading filter Skipfiles
DEBUG   |161112 16:58:11|-- Loading filter Tabledata
DEBUG   |161112 16:58:11|-- Loading filter Tables
DEBUG   |161112 16:58:11|-- Loading filter Cvsfolders
DEBUG   |161112 16:58:11|-- Loading filter Excludefiles
DEBUG   |161112 16:58:11|-- Loading filter Excludefolders
DEBUG   |161112 16:58:11|-- Loading filter Excludetabledata
DEBUG   |161112 16:58:11|-- Loading filter Joomlaskipdirs
DEBUG   |161112 16:58:11|-- Loading filter Joomlaskipfiles
DEBUG   |161112 16:58:11|-- Loading filter Libraries
DEBUG   |161112 16:58:11|-- Loading filter Sitedb
DEBUG   |161112 16:58:11|-- Loading filter Siteroot
DEBUG   |161112 16:58:11|-- Loading filter Systemcachefiles
DEBUG   |161112 16:58:11|Loading optional filters
DEBUG   |161112 16:58:11|-- Loading optional filter Stack\StackErrorlogs
DEBUG   |161112 16:58:11|-- Loading optional filter Stack\StackHoststats
DEBUG   |161112 16:58:11|-- Loading optional filter Stack\StackFinder
DEBUG   |161112 16:58:11|-- Loading optional filter Stack\StackMyjoomla
DEBUG   |161112 16:59:10|Fetching filter data from database
DEBUG   |161112 16:59:10|Loading filters
DEBUG   |161112 16:59:10|-- Loading filter Directories
DEBUG   |161112 16:59:10|-- Loading filter Extradirs
DEBUG   |161112 16:59:10|-- Loading filter Files
DEBUG   |161112 16:59:10|-- Loading filter Incremental
DEBUG   |161112 16:59:10|-- Loading filter Multidb
DEBUG   |161112 16:59:10|-- Loading filter Regexdirectories
DEBUG   |161112 16:59:10|-- Loading filter Regexfiles
DEBUG   |161112 16:59:10|-- Loading filter Regexskipdirs
DEBUG   |161112 16:59:10|-- Loading filter Regexskipfiles
DEBUG   |161112 16:59:10|-- Loading filter Regextabledata
DEBUG   |161112 16:59:10|-- Loading filter Regextables
DEBUG   |161112 16:59:10|-- Loading filter Skipdirs
DEBUG   |161112 16:59:10|-- Loading filter Skipfiles
DEBUG   |161112 16:59:10|-- Loading filter Tabledata
DEBUG   |161112 16:59:10|-- Loading filter Tables
DEBUG   |161112 16:59:10|-- Loading filter Cvsfolders
DEBUG   |161112 16:59:10|-- Loading filter Excludefiles
DEBUG   |161112 16:59:10|-- Loading filter Excludefolders
DEBUG   |161112 16:59:10|-- Loading filter Excludetabledata
DEBUG   |161112 16:59:10|-- Loading filter Joomlaskipdirs
DEBUG   |161112 16:59:10|-- Loading filter Joomlaskipfiles
DEBUG   |161112 16:59:10|-- Loading filter Libraries
DEBUG   |161112 16:59:10|-- Loading filter Sitedb
DEBUG   |161112 16:59:10|-- Loading filter Siteroot
DEBUG   |161112 16:59:10|-- Loading filter Systemcachefiles
DEBUG   |161112 16:59:10|Loading optional filters
DEBUG   |161112 16:59:10|-- Loading optional filter Stack\StackErrorlogs
DEBUG   |161112 16:59:10|-- Loading optional filter Stack\StackHoststats
DEBUG   |161112 16:59:10|-- Loading optional filter Stack\StackFinder
DEBUG   |161112 16:59:10|-- Loading optional filter Stack\StackMyjoomla
DEBUG   |161112 16:59:15|Fetching filter data from database
DEBUG   |161112 16:59:15|Loading filters
DEBUG   |161112 16:59:15|-- Loading filter Directories
DEBUG   |161112 16:59:15|-- Loading filter Extradirs
DEBUG   |161112 16:59:15|-- Loading filter Files
DEBUG   |161112 16:59:15|-- Loading filter Incremental
DEBUG   |161112 16:59:15|-- Loading filter Multidb
DEBUG   |161112 16:59:15|-- Loading filter Regexdirectories
DEBUG   |161112 16:59:15|-- Loading filter Regexfiles
DEBUG   |161112 16:59:15|-- Loading filter Regexskipdirs
DEBUG   |161112 16:59:15|-- Loading filter Regexskipfiles
DEBUG   |161112 16:59:15|-- Loading filter Regextabledata
DEBUG   |161112 16:59:15|-- Loading filter Regextables
DEBUG   |161112 16:59:15|-- Loading filter Skipdirs
DEBUG   |161112 16:59:15|-- Loading filter Skipfiles
DEBUG   |161112 16:59:15|-- Loading filter Tabledata
DEBUG   |161112 16:59:15|-- Loading filter Tables
DEBUG   |161112 16:59:15|-- Loading filter Cvsfolders
DEBUG   |161112 16:59:15|-- Loading filter Excludefiles
DEBUG   |161112 16:59:15|-- Loading filter Excludefolders
DEBUG   |161112 16:59:15|-- Loading filter Excludetabledata
DEBUG   |161112 16:59:15|-- Loading filter Joomlaskipdirs
DEBUG   |161112 16:59:15|-- Loading filter Joomlaskipfiles
DEBUG   |161112 16:59:15|-- Loading filter Libraries
DEBUG   |161112 16:59:15|-- Loading filter Sitedb
DEBUG   |161112 16:59:15|-- Loading filter Siteroot
DEBUG   |161112 16:59:15|-- Loading filter Systemcachefiles
DEBUG   |161112 16:59:15|Loading optional filters
DEBUG   |161112 16:59:15|-- Loading optional filter Stack\StackErrorlogs
DEBUG   |161112 16:59:15|-- Loading optional filter Stack\StackHoststats
DEBUG   |161112 16:59:15|-- Loading optional filter Stack\StackFinder
DEBUG   |161112 16:59:15|-- Loading optional filter Stack\StackMyjoomla
DEBUG   |161112 17:00:42| -- Resetting Akeeba Engine factory (backend.id1)
DEBUG   |161112 17:00:42|Fetching filter data from database
DEBUG   |161112 17:00:42|Loading filters
DEBUG   |161112 17:00:42|-- Loading filter Directories
DEBUG   |161112 17:00:42|-- Loading filter Extradirs
DEBUG   |161112 17:00:42|-- Loading filter Files
DEBUG   |161112 17:00:42|-- Loading filter Incremental
DEBUG   |161112 17:00:42|-- Loading filter Multidb
DEBUG   |161112 17:00:42|-- Loading filter Regexdirectories
DEBUG   |161112 17:00:42|-- Loading filter Regexfiles
DEBUG   |161112 17:00:42|-- Loading filter Regexskipdirs
DEBUG   |161112 17:00:42|-- Loading filter Regexskipfiles
DEBUG   |161112 17:00:42|-- Loading filter Regextabledata
DEBUG   |161112 17:00:42|-- Loading filter Regextables
DEBUG   |161112 17:00:42|-- Loading filter Skipdirs
DEBUG   |161112 17:00:42|-- Loading filter Skipfiles
DEBUG   |161112 17:00:42|-- Loading filter Tabledata
DEBUG   |161112 17:00:42|-- Loading filter Tables
DEBUG   |161112 17:00:42|-- Loading filter Cvsfolders
DEBUG   |161112 17:00:42|-- Loading filter Excludefiles
DEBUG   |161112 17:00:42|-- Loading filter Excludefolders
DEBUG   |161112 17:00:42|-- Loading filter Excludetabledata
DEBUG   |161112 17:00:42|-- Loading filter Joomlaskipdirs
DEBUG   |161112 17:00:42|-- Loading filter Joomlaskipfiles
DEBUG   |161112 17:00:42|-- Loading filter Libraries
DEBUG   |161112 17:00:42|-- Loading filter Sitedb
DEBUG   |161112 17:00:42|-- Loading filter Siteroot
DEBUG   |161112 17:00:42|-- Loading filter Systemcachefiles
DEBUG   |161112 17:00:42|Loading optional filters
DEBUG   |161112 17:00:42|-- Loading optional filter Stack\StackErrorlogs
DEBUG   |161112 17:00:42|-- Loading optional filter Stack\StackHoststats
DEBUG   |161112 17:00:42|-- Loading optional filter Stack\StackFinder
DEBUG   |161112 17:00:42|-- Loading optional filter Stack\StackMyjoomla
DEBUG   |161112 17:05:44| -- Resetting Akeeba Engine factory (backend.id2)
DEBUG   |161112 17:05:44|Fetching filter data from database
DEBUG   |161112 17:05:44|Loading filters
DEBUG   |161112 17:05:44|-- Loading filter Directories
DEBUG   |161112 17:05:44|-- Loading filter Extradirs
DEBUG   |161112 17:05:44|-- Loading filter Files
DEBUG   |161112 17:05:44|-- Loading filter Incremental
DEBUG   |161112 17:05:44|-- Loading filter Multidb
DEBUG   |161112 17:05:44|-- Loading filter Regexdirectories
DEBUG   |161112 17:05:44|-- Loading filter Regexfiles
DEBUG   |161112 17:05:44|-- Loading filter Regexskipdirs
DEBUG   |161112 17:05:44|-- Loading filter Regexskipfiles
DEBUG   |161112 17:05:44|-- Loading filter Regextabledata
DEBUG   |161112 17:05:44|-- Loading filter Regextables
DEBUG   |161112 17:05:44|-- Loading filter Skipdirs
DEBUG   |161112 17:05:44|-- Loading filter Skipfiles
DEBUG   |161112 17:05:44|-- Loading filter Tabledata
DEBUG   |161112 17:05:44|-- Loading filter Tables
DEBUG   |161112 17:05:44|-- Loading filter Cvsfolders
DEBUG   |161112 17:05:44|-- Loading filter Excludefiles
DEBUG   |161112 17:05:44|-- Loading filter Excludefolders
DEBUG   |161112 17:05:44|-- Loading filter Excludetabledata
DEBUG   |161112 17:05:44|-- Loading filter Joomlaskipdirs
DEBUG   |161112 17:05:44|-- Loading filter Joomlaskipfiles
DEBUG   |161112 17:05:44|-- Loading filter Libraries
DEBUG   |161112 17:05:44|-- Loading filter Sitedb
DEBUG   |161112 17:05:44|-- Loading filter Siteroot
DEBUG   |161112 17:05:44|-- Loading filter Systemcachefiles
DEBUG   |161112 17:05:44|Loading optional filters
DEBUG   |161112 17:05:44|-- Loading optional filter Stack\StackErrorlogs
DEBUG   |161112 17:05:44|-- Loading optional filter Stack\StackHoststats
DEBUG   |161112 17:05:44|-- Loading optional filter Stack\StackFinder
DEBUG   |161112 17:05:44|-- Loading optional filter Stack\StackMyjoomla
